app/build/outputs/logs/manifest-merger-debug-report.txt
-- Merging decision tree log ---
manifest
ADDED from src\main\AndroidManifest.xml:2:1-38:12
INJECTED from src\main\AndroidManifest.xml:2:1-38:12
INJECTED from src\main\AndroidManifest.xml:2:1-38:12
INJECTED from src\main\AndroidManifest.xml:2:1-38:12
MERGED from [com.msasafety.a5x:library-limitedLiveRelease:1.2.1] AndroidManifest.xml:2:1-22:12
MERGED from [com.android.support:design:25.4.0] AndroidManifest.xml:17:1-31:12
MERGED from [com.msasafety.interop:networking:1.1.0] AndroidManifest.xml:2:1-20:12
MERGED from [com.android.support:appcompat-v7:25.4.0] AndroidManifest.xml:17:1-31:12
MERGED from [com.android.support:cardview-v7:25.4.0] AndroidManifest.xml:17:1-28:12
MERGED from [com.thanosfisherman.wifiutils:wifiutils:1.3.5] AndroidManifest.xml:2:1-22:12
MERGED from [com.github.rafakob:NsdHelper:0.1.4] AndroidManifest.xml:2:1-17:12
MERGED from [co.lujun:lmbluetoothsdk:1.0.5] AndroidManifest.xml:2:1-17:12
MERGED from [com.github.jflavio1:WifiConnector:v1.7] AndroidManifest.xml:2:1-24:12
MERGED from [com.android.support.constraint:constraint-layout:1.1.3] AndroidManifest.xml:2:1-11:12
MERGED from [com.android.support:transition:25.4.0] AndroidManifest.xml:17:1-28:12
MERGED from [com.android.support:support-v4:25.4.0] AndroidManifest.xml:17:1-31:12
MERGED from [com.android.support:support-fragment:25.4.0] AndroidManifest.xml:17:1-31:12
MERGED from [com.android.support:support-media-compat:25.4.0] AndroidManifest.xml:17:1-31:12
MERGED from [com.android.support:support-core-utils:25.4.0] AndroidManifest.xml:17:1-31:12
MERGED from [com.android.support:animated-vector-drawable:25.4.0] AndroidManifest.xml:17:1-28:12
MERGED from [com.android.support:recyclerview-v7:25.4.0] AndroidManifest.xml:17:1-28:12
MERGED from [com.android.support:support-core-ui:25.4.0] AndroidManifest.xml:17:1-31:12
MERGED from [com.android.support:support-vector-drawable:25.4.0] AndroidManifest.xml:17:1-28:12
MERGED from [com.android.support:support-compat:25.4.0] AndroidManifest.xml:17:1-31:12
INJECTED from src\main\AndroidManifest.xml:2:1-38:12
INJECTED from src\main\AndroidManifest.xml:2:1-38:12
INJECTED from src\main\AndroidManifest.xml:2:1-38:12
	package
		ADDED from src\main\AndroidManifest.xml:3:5-42
		INJECTED from src\main\AndroidManifest.xml
		INJECTED from src\main\AndroidManifest.xml
	android:versionName
		INJECTED from src\main\AndroidManifest.xml
		ADDED from src\main\AndroidManifest.xml:2:1-38:12
		INJECTED from src\main\AndroidManifest.xml
	android:versionCode
		INJECTED from src\main\AndroidManifest.xml
		ADDED from src\main\AndroidManifest.xml:2:1-38:12
		INJECTED from src\main\AndroidManifest.xml
	xmlns:android
		ADDED from src\main\AndroidManifest.xml:2:11-69
uses-permission#android.permission.BLUETOOTH
ADDED from src\main\AndroidManifest.xml:5:5-68
MERGED from [com.msasafety.a5x:library-limitedLiveRelease:1.2.1] AndroidManifest.xml:11:5-68
MERGED from [com.msasafety.a5x:library-limitedLiveRelease:1.2.1] AndroidManifest.xml:11:5-68
MERGED from [com.msasafety.interop:networking:1.1.0] AndroidManifest.xml:11:5-68
MERGED from [com.msasafety.interop:networking:1.1.0] AndroidManifest.xml:11:5-68
MERGED from [co.lujun:lmbluetoothsdk:1.0.5] AndroidManifest.xml:11:5-68
MERGED from [co.lujun:lmbluetoothsdk:1.0.5] AndroidManifest.xml:11:5-68
	android:name
		ADDED from src\main\AndroidManifest.xml:5:22-65
uses-permission#android.permission.BLUETOOTH_ADMIN
ADDED from src\main\AndroidManifest.xml:6:5-74
MERGED from [com.msasafety.interop:networking:1.1.0] AndroidManifest.xml:12:5-74
MERGED from [com.msasafety.interop:networking:1.1.0] AndroidManifest.xml:12:5-74
MERGED from [co.lujun:lmbluetoothsdk:1.0.5] AndroidManifest.xml:12:5-74
MERGED from [co.lujun:lmbluetoothsdk:1.0.5] AndroidManifest.xml:12:5-74
	android:name
		ADDED from src\main\AndroidManifest.xml:6:22-71
uses-permission#com.google.android.things.permission.MANAGE_BLUETOOTH
ADDED from src\main\AndroidManifest.xml:7:5-93
	android:name
		ADDED from src\main\AndroidManifest.xml:7:22-90
uses-permission#android.permission.ACCESS_COARSE_LOCATION
ADDED from src\main\AndroidManifest.xml:8:5-81
MERGED from [com.github.jflavio1:WifiConnector:v1.7] AndroidManifest.xml:15:5-81
MERGED from [com.github.jflavio1:WifiConnector:v1.7] AndroidManifest.xml:15:5-81
	android:name
		ADDED from src\main\AndroidManifest.xml:8:22-78
uses-permission#android.permission.ACCESS_FINE_LOCATION
ADDED from src\main\AndroidManifest.xml:9:5-79
MERGED from [com.github.jflavio1:WifiConnector:v1.7] AndroidManifest.xml:14:5-79
MERGED from [com.github.jflavio1:WifiConnector:v1.7] AndroidManifest.xml:14:5-79
	android:name
		ADDED from src\main\AndroidManifest.xml:9:22-76
uses-permission#android.permission.ACCESS_WIFI_STATE
ADDED from src\main\AndroidManifest.xml:10:5-76
MERGED from [com.thanosfisherman.wifiutils:wifiutils:1.3.5] AndroidManifest.xml:13:5-76
MERGED from [com.thanosfisherman.wifiutils:wifiutils:1.3.5] AndroidManifest.xml:13:5-76
MERGED from [com.github.jflavio1:WifiConnector:v1.7] AndroidManifest.xml:12:5-76
MERGED from [com.github.jflavio1:WifiConnector:v1.7] AndroidManifest.xml:12:5-76
	android:name
		ADDED from src\main\AndroidManifest.xml:10:22-73
uses-permission#android.permission.CHANGE_WIFI_STATE
ADDED from src\main\AndroidManifest.xml:11:5-76
MERGED from [com.thanosfisherman.wifiutils:wifiutils:1.3.5] AndroidManifest.xml:14:5-76
MERGED from [com.thanosfisherman.wifiutils:wifiutils:1.3.5] AndroidManifest.xml:14:5-76
MERGED from [com.github.jflavio1:WifiConnector:v1.7] AndroidManifest.xml:13:5-76
MERGED from [com.github.jflavio1:WifiConnector:v1.7] AndroidManifest.xml:13:5-76
	android:name
		ADDED from src\main\AndroidManifest.xml:11:22-73
uses-permission#android.permission.CHANGE_NETWORK_STATE
ADDED from src\main\AndroidManifest.xml:12:5-79
MERGED from [com.thanosfisherman.wifiutils:wifiutils:1.3.5] AndroidManifest.xml:12:5-79
MERGED from [com.thanosfisherman.wifiutils:wifiutils:1.3.5] AndroidManifest.xml:12:5-79
	android:name
		ADDED from src\main\AndroidManifest.xml:12:22-76
uses-permission#android.permission.INTERNET
ADDED from src\main\AndroidManifest.xml:13:5-67
	android:name
		ADDED from src\main\AndroidManifest.xml:13:22-64
uses-permission#android.permission.CHANGE_WIFI_MULTICAST_STATE
ADDED from src\main\AndroidManifest.xml:14:5-85
	android:name
		ADDED from src\main\AndroidManifest.xml:14:22-83
uses-permission#android.permission.ACCESS_NETWORK_STATE
ADDED from src\main\AndroidManifest.xml:15:5-79
MERGED from [com.thanosfisherman.wifiutils:wifiutils:1.3.5] AndroidManifest.xml:11:5-79
MERGED from [com.thanosfisherman.wifiutils:wifiutils:1.3.5] AndroidManifest.xml:11:5-79
MERGED from [com.github.jflavio1:WifiConnector:v1.7] AndroidManifest.xml:11:5-79
MERGED from [com.github.jflavio1:WifiConnector:v1.7] AndroidManifest.xml:11:5-79
	android:name
		ADDED from src\main\AndroidManifest.xml:15:22-76
uses-permission#com.google.android.things.permission.USE_PERIPHERAL_IO
ADDED from src\main\AndroidManifest.xml:16:5-94
	android:name
		ADDED from src\main\AndroidManifest.xml:16:22-91
application
ADDED from src\main\AndroidManifest.xml:19:5-36:19
MERGED from [com.msasafety.a5x:library-limitedLiveRelease:1.2.1] AndroidManifest.xml:13:5-20:19
MERGED from [com.msasafety.a5x:library-limitedLiveRelease:1.2.1] AndroidManifest.xml:13:5-20:19
MERGED from [com.android.support:design:25.4.0] AndroidManifest.xml:25:5-29:19
MERGED from [com.android.support:design:25.4.0] AndroidManifest.xml:25:5-29:19
MERGED from [com.msasafety.interop:networking:1.1.0] AndroidManifest.xml:15:5-18:19
MERGED from [com.msasafety.interop:networking:1.1.0] AndroidManifest.xml:15:5-18:19
MERGED from [com.android.support:appcompat-v7:25.4.0] AndroidManifest.xml:25:5-29:19
MERGED from [com.android.support:appcompat-v7:25.4.0] AndroidManifest.xml:25:5-29:19
MERGED from [com.android.support:cardview-v7:25.4.0] AndroidManifest.xml:22:5-26:19
MERGED from [com.android.support:cardview-v7:25.4.0] AndroidManifest.xml:22:5-26:19
MERGED from [com.thanosfisherman.wifiutils:wifiutils:1.3.5] AndroidManifest.xml:16:5-20:19
MERGED from [com.thanosfisherman.wifiutils:wifiutils:1.3.5] AndroidManifest.xml:16:5-20:19
MERGED from [com.github.rafakob:NsdHelper:0.1.4] AndroidManifest.xml:11:5-15:19
MERGED from [com.github.rafakob:NsdHelper:0.1.4] AndroidManifest.xml:11:5-15:19
MERGED from [co.lujun:lmbluetoothsdk:1.0.5] AndroidManifest.xml:14:5-15:19
MERGED from [co.lujun:lmbluetoothsdk:1.0.5] AndroidManifest.xml:14:5-15:19
MERGED from [com.github.jflavio1:WifiConnector:v1.7] AndroidManifest.xml:17:5-22:19
MERGED from [com.github.jflavio1:WifiConnector:v1.7] AndroidManifest.xml:17:5-22:19
MERGED from [com.android.support.constraint:constraint-layout:1.1.3] AndroidManifest.xml:9:5-20
MERGED from [com.android.support.constraint:constraint-layout:1.1.3] AndroidManifest.xml:9:5-20
MERGED from [com.android.support:transition:25.4.0] AndroidManifest.xml:22:5-26:19
MERGED from [com.android.support:transition:25.4.0] AndroidManifest.xml:22:5-26:19
MERGED from [com.android.support:support-v4:25.4.0] AndroidManifest.xml:25:5-29:19
MERGED from [com.android.support:support-v4:25.4.0] AndroidManifest.xml:25:5-29:19
MERGED from [com.android.support:support-fragment:25.4.0] AndroidManifest.xml:25:5-29:19
MERGED from [com.android.support:support-fragment:25.4.0] AndroidManifest.xml:25:5-29:19
MERGED from [com.android.support:support-media-compat:25.4.0] AndroidManifest.xml:25:5-29:19
MERGED from [com.android.support:support-media-compat:25.4.0] AndroidManifest.xml:25:5-29:19
MERGED from [com.android.support:support-core-utils:25.4.0] AndroidManifest.xml:25:5-29:19
MERGED from [com.android.support:support-core-utils:25.4.0] AndroidManifest.xml:25:5-29:19
MERGED from [com.android.support:animated-vector-drawable:25.4.0] AndroidManifest.xml:22:5-26:19
MERGED from [com.android.support:animated-vector-drawable:25.4.0] AndroidManifest.xml:22:5-26:19
MERGED from [com.android.support:recyclerview-v7:25.4.0] AndroidManifest.xml:22:5-26:19
MERGED from [com.android.support:recyclerview-v7:25.4.0] AndroidManifest.xml:22:5-26:19
MERGED from [com.android.support:support-core-ui:25.4.0] AndroidManifest.xml:25:5-29:19
MERGED from [com.android.support:support-core-ui:25.4.0] AndroidManifest.xml:25:5-29:19
MERGED from [com.android.support:support-vector-drawable:25.4.0] AndroidManifest.xml:22:5-26:19
MERGED from [com.android.support:support-vector-drawable:25.4.0] AndroidManifest.xml:22:5-26:19
MERGED from [com.android.support:support-compat:25.4.0] AndroidManifest.xml:25:5-29:19
MERGED from [com.android.support:support-compat:25.4.0] AndroidManifest.xml:25:5-29:19
	android:supportsRtl
		ADDED from [com.thanosfisherman.wifiutils:wifiutils:1.3.5] AndroidManifest.xml:19:9-35
	android:label
		ADDED from [com.msasafety.a5x:library-limitedLiveRelease:1.2.1] AndroidManifest.xml:15:9-41
	android:icon
		ADDED from [com.github.jflavio1:WifiConnector:v1.7] AndroidManifest.xml:19:9-43
	android:allowBackup
		ADDED from [com.msasafety.a5x:library-limitedLiveRelease:1.2.1] AndroidManifest.xml:14:9-35
	android:theme
		ADDED from src\main\AndroidManifest.xml:20:9-40
uses-library#com.google.android.things
ADDED from src\main\AndroidManifest.xml:22:9-66
	android:name
		ADDED from src\main\AndroidManifest.xml:22:23-63
service#com.msasafety.a5x.library.A5xService
ADDED from src\main\AndroidManifest.xml:24:9-72
	android:name
		ADDED from src\main\AndroidManifest.xml:24:18-69
activity#com.msasafety.a5xexampleapp.MainActivity
ADDED from src\main\AndroidManifest.xml:26:9-35:20
	android:name
		ADDED from src\main\AndroidManifest.xml:26:19-47
intent-filter#action:name:android.intent.action.MAIN+category:name:android.intent.category.DEFAULT+category:name:android.intent.category.HOME+category:name:android.intent.category.LAUNCHER
ADDED from src\main\AndroidManifest.xml:29:13-34:29
action#android.intent.action.MAIN
ADDED from src\main\AndroidManifest.xml:30:17-68
	android:name
		ADDED from src\main\AndroidManifest.xml:30:25-66
category#android.intent.category.HOME
ADDED from src\main\AndroidManifest.xml:31:17-72
	android:name
		ADDED from src\main\AndroidManifest.xml:31:27-70
category#android.intent.category.DEFAULT
ADDED from src\main\AndroidManifest.xml:32:17-75
	android:name
		ADDED from src\main\AndroidManifest.xml:32:27-73
category#android.intent.category.LAUNCHER
ADDED from src\main\AndroidManifest.xml:33:17-76
	android:name
		ADDED from src\main\AndroidManifest.xml:33:27-74
uses-sdk
INJECTED from src\main\AndroidManifest.xml reason: use-sdk injection requested
INJECTED from src\main\AndroidManifest.xml
INJECTED from src\main\AndroidManifest.xml
MERGED from [com.msasafety.a5x:library-limitedLiveRelease:1.2.1] AndroidManifest.xml:7:5-9:41
MERGED from [com.msasafety.a5x:library-limitedLiveRelease:1.2.1] AndroidManifest.xml:7:5-9:41
MERGED from [com.android.support:design:25.4.0] AndroidManifest.xml:21:5-23:62
MERGED from [com.android.support:design:25.4.0] AndroidManifest.xml:21:5-23:62
MERGED from [com.msasafety.interop:networking:1.1.0] AndroidManifest.xml:7:5-9:41
MERGED from [com.msasafety.interop:networking:1.1.0] AndroidManifest.xml:7:5-9:41
MERGED from [com.android.support:appcompat-v7:25.4.0] AndroidManifest.xml:21:5-23:78
MERGED from [com.android.support:appcompat-v7:25.4.0] AndroidManifest.xml:21:5-23:78
MERGED from [com.android.support:cardview-v7:25.4.0] AndroidManifest.xml:20:5-43
MERGED from [com.android.support:cardview-v7:25.4.0] AndroidManifest.xml:20:5-43
MERGED from [com.thanosfisherman.wifiutils:wifiutils:1.3.5] AndroidManifest.xml:7:5-9:41
MERGED from [com.thanosfisherman.wifiutils:wifiutils:1.3.5] AndroidManifest.xml:7:5-9:41
MERGED from [com.github.rafakob:NsdHelper:0.1.4] AndroidManifest.xml:7:5-9:41
MERGED from [com.github.rafakob:NsdHelper:0.1.4] AndroidManifest.xml:7:5-9:41
MERGED from [co.lujun:lmbluetoothsdk:1.0.5] AndroidManifest.xml:7:5-9:41
MERGED from [co.lujun:lmbluetoothsdk:1.0.5] AndroidManifest.xml:7:5-9:41
MERGED from [com.github.jflavio1:WifiConnector:v1.7] AndroidManifest.xml:7:5-9:41
MERGED from [com.github.jflavio1:WifiConnector:v1.7] AndroidManifest.xml:7:5-9:41
MERGED from [com.android.support.constraint:constraint-layout:1.1.3] AndroidManifest.xml:5:5-7:41
MERGED from [com.android.support.constraint:constraint-layout:1.1.3] AndroidManifest.xml:5:5-7:41
MERGED from [com.android.support:transition:25.4.0] AndroidManifest.xml:20:5-44
MERGED from [com.android.support:transition:25.4.0] AndroidManifest.xml:20:5-44
MERGED from [com.android.support:support-v4:25.4.0] AndroidManifest.xml:21:5-23:54
MERGED from [com.android.support:support-v4:25.4.0] AndroidManifest.xml:21:5-23:54
MERGED from [com.android.support:support-fragment:25.4.0] AndroidManifest.xml:21:5-23:60
MERGED from [com.android.support:support-fragment:25.4.0] AndroidManifest.xml:21:5-23:60
MERGED from [com.android.support:support-media-compat:25.4.0] AndroidManifest.xml:21:5-23:63
MERGED from [com.android.support:support-media-compat:25.4.0] AndroidManifest.xml:21:5-23:63
MERGED from [com.android.support:support-core-utils:25.4.0] AndroidManifest.xml:21:5-23:61
MERGED from [com.android.support:support-core-utils:25.4.0] AndroidManifest.xml:21:5-23:61
MERGED from [com.android.support:animated-vector-drawable:25.4.0] AndroidManifest.xml:20:5-44
MERGED from [com.android.support:animated-vector-drawable:25.4.0] AndroidManifest.xml:20:5-44
MERGED from [com.android.support:recyclerview-v7:25.4.0] AndroidManifest.xml:20:5-43
MERGED from [com.android.support:recyclerview-v7:25.4.0] AndroidManifest.xml:20:5-43
MERGED from [com.android.support:support-core-ui:25.4.0] AndroidManifest.xml:21:5-23:58
MERGED from [com.android.support:support-core-ui:25.4.0] AndroidManifest.xml:21:5-23:58
MERGED from [com.android.support:support-vector-drawable:25.4.0] AndroidManifest.xml:20:5-43
MERGED from [com.android.support:support-vector-drawable:25.4.0] AndroidManifest.xml:20:5-43
MERGED from [com.android.support:support-compat:25.4.0] AndroidManifest.xml:21:5-23:58
MERGED from [com.android.support:support-compat:25.4.0] AndroidManifest.xml:21:5-23:58
INJECTED from src\main\AndroidManifest.xml
INJECTED from src\main\AndroidManifest.xml
	tools:overrideLibrary
		ADDED from [com.android.support:design:25.4.0] AndroidManifest.xml:23:9-59
	android:targetSdkVersion
		INJECTED from src\main\AndroidManifest.xml
		ADDED from src\main\AndroidManifest.xml
		INJECTED from src\main\AndroidManifest.xml
	android:minSdkVersion
		INJECTED from src\main\AndroidManifest.xml
		ADDED from src\main\AndroidManifest.xml
		INJECTED from src\main\AndroidManifest.xml
activity#com.msasafety.a5x.library.activities.PairingActivity
ADDED from [com.msasafety.a5x:library-limitedLiveRelease:1.2.1] AndroidManifest.xml:16:9-19:20
	android:label
		ADDED from [com.msasafety.a5x:library-limitedLiveRelease:1.2.1] AndroidManifest.xml:18:13-59
	android:name
		ADDED from [com.msasafety.a5x:library-limitedLiveRelease:1.2.1] AndroidManifest.xml:17:13-80
meta-data#android.support.VERSION
ADDED from [com.android.support:design:25.4.0] AndroidManifest.xml:26:9-28:38
MERGED from [com.android.support:appcompat-v7:25.4.0] AndroidManifest.xml:26:9-28:38
MERGED from [com.android.support:appcompat-v7:25.4.0] AndroidManifest.xml:26:9-28:38
MERGED from [com.android.support:cardview-v7:25.4.0] AndroidManifest.xml:23:9-25:38
MERGED from [com.android.support:cardview-v7:25.4.0] AndroidManifest.xml:23:9-25:38
MERGED from [com.android.support:transition:25.4.0] AndroidManifest.xml:23:9-25:38
MERGED from [com.android.support:transition:25.4.0] AndroidManifest.xml:23:9-25:38
MERGED from [com.android.support:support-v4:25.4.0] AndroidManifest.xml:26:9-28:38
MERGED from [com.android.support:support-v4:25.4.0] AndroidManifest.xml:26:9-28:38
MERGED from [com.android.support:support-fragment:25.4.0] AndroidManifest.xml:26:9-28:38
MERGED from [com.android.support:support-fragment:25.4.0] AndroidManifest.xml:26:9-28:38
MERGED from [com.android.support:support-media-compat:25.4.0] AndroidManifest.xml:26:9-28:38
MERGED from [com.android.support:support-media-compat:25.4.0] AndroidManifest.xml:26:9-28:38
MERGED from [com.android.support:support-core-utils:25.4.0] AndroidManifest.xml:26:9-28:38
MERGED from [com.android.support:support-core-utils:25.4.0] AndroidManifest.xml:26:9-28:38
MERGED from [com.android.support:animated-vector-drawable:25.4.0] AndroidManifest.xml:23:9-25:38
MERGED from [com.android.support:animated-vector-drawable:25.4.0] AndroidManifest.xml:23:9-25:38
MERGED from [com.android.support:recyclerview-v7:25.4.0] AndroidManifest.xml:23:9-25:38
MERGED from [com.android.support:recyclerview-v7:25.4.0] AndroidManifest.xml:23:9-25:38
MERGED from [com.android.support:support-core-ui:25.4.0] AndroidManifest.xml:26:9-28:38
MERGED from [com.android.support:support-core-ui:25.4.0] AndroidManifest.xml:26:9-28:38
MERGED from [com.android.support:support-vector-drawable:25.4.0] AndroidManifest.xml:23:9-25:38
MERGED from [com.android.support:support-vector-drawable:25.4.0] AndroidManifest.xml:23:9-25:38
MERGED from [com.android.support:support-compat:25.4.0] AndroidManifest.xml:26:9-28:38
MERGED from [com.android.support:support-compat:25.4.0] AndroidManifest.xml:26:9-28:38
	android:value
		ADDED from [com.android.support:design:25.4.0] AndroidManifest.xml:28:13-35
	android:name
		ADDED from [com.android.support:design:25.4.0] AndroidManifest.xml:27:13-51
uses-permission#android.permission.NFC
ADDED from [com.msasafety.interop:networking:1.1.0] AndroidManifest.xml:13:5-62
	android:name
		ADDED from [com.msasafety.interop:networking:1.1.0] AndroidManifest.xml:13:22-59